    1  2025-07-09 08:56:06 git clone https://github.com/cerillo2808/concurrente25a-yosery_zheng.git
    2  2025-07-09 08:56:06 cd exercises
    3  2025-07-09 08:56:06 cd pthreads
    4  2025-07-09 08:56:06 cd hello_w
    5  2025-07-09 08:56:06 ls
    6  2025-07-09 08:56:06 make
    7  2025-07-09 08:56:06 ./bin/hello_w
    8  2025-07-09 08:56:06 ls
    9  2025-07-09 08:56:06 ./hello_w
   10  2025-07-09 08:56:06 ./hello_w 10
   11  2025-07-09 08:56:06 ./hello_w
   12  2025-07-09 08:56:06 git config --global cerillo2808
   13  2025-07-09 08:56:06 git config --global "cerillo2808"
   14  2025-07-09 08:56:06 git config --global user.name "cerillo2808"
   15  2025-07-09 08:56:06 git config --global user.email "yoseryzhenglu@gmail.com"
   16  2025-07-09 08:56:06 cd ..
   17  2025-07-09 08:56:06 cd exercises
   18  2025-07-09 08:56:06 cd pthreads
   19  2025-07-09 08:56:06 ls
   20  2025-07-09 08:56:06 cd grandma_lottery
   21  2025-07-09 08:56:06 ls
   22  2025-07-09 08:56:06 make
   23  2025-07-09 08:56:06 man rand_m
   24  2025-07-09 08:56:06 man rand_r
   25  2025-07-09 08:56:06 make
   26  2025-07-09 08:56:06 ./bin/grandma_lottery 
   27  2025-07-09 08:56:06 make
   28  2025-07-09 08:56:06 ./bin/grandma_lottery 
   29  2025-07-09 08:56:06 make
   30  2025-07-09 08:56:06 ./bin/grandma_lottery 
   31  2025-07-09 08:56:06 make
   32  2025-07-09 08:56:06 ./bin/grandma_lottery 
   33  2025-07-09 08:56:06 ls
   34  2025-07-09 08:56:06 cd examples
   35  2025-07-09 08:56:06 cd pthreads/
   36  2025-07-09 08:56:06 cd hello_w
   37  2025-07-09 08:56:06 ls
   38  2025-07-09 08:56:06 cd ..
   39  2025-07-09 08:56:06 git pull
   40  2025-07-09 08:56:06 ls
   41  2025-07-09 08:56:06 cd team_shot_put/
   42  2025-07-09 08:56:06 ls
   43  2025-07-09 08:56:06 make
   44  2025-07-09 08:56:06 ./bin/team_shot_put 
   45  2025-07-09 08:56:06 ./bin/team_shot_put 3
   46  2025-07-09 08:56:06 cd ..
   47  2025-07-09 08:56:06 cd homeworks/
   48  2025-07-09 08:56:06 ls
   49  2025-07-09 08:56:06 cd serial/
   50  2025-07-09 08:56:06 ls
   51  2025-07-09 08:56:06 make
   52  2025-07-09 08:56:06 ./bin/serial
   53  2025-07-09 08:56:06 make
   54  2025-07-09 08:56:06 ./bin/serial
   55  2025-07-09 08:56:06 ./bin/serial algo algo
   56  2025-07-09 08:56:06 ./bin/serial algo 
   57  2025-07-09 08:56:06 ./bin/serial 
   58  2025-07-09 08:56:06 make
   59  2025-07-09 08:56:06 ./bin/serial 
   60  2025-07-09 08:56:06 ./bin/serial algo
   61  2025-07-09 08:56:06 ./bin/serial algo algo
   62  2025-07-09 08:56:06 ./bin/serial algo algo algo
   63  2025-07-09 08:56:06 make
   64  2025-07-09 08:56:06 ./bin/serial algo algo algo
   65  2025-07-09 08:56:06 ./bin/serial algo algo
   66  2025-07-09 08:56:06 make
   67  2025-07-09 08:56:06 ./bin/serial algo algo
   68  2025-07-09 08:56:06 make
   69  2025-07-09 08:56:06 ./bin/serial algo algo
   70  2025-07-09 08:56:06 make
   71  2025-07-09 08:56:06 ./bin/serial algo algo algo
   72  2025-07-09 08:56:06 make
   73  2025-07-09 08:56:06 ./bin/serial algo algo algo
   74  2025-07-09 08:56:06 ./bin/serial algo algo
   75  2025-07-09 08:56:06 ./bin/serial algo
   76  2025-07-09 08:56:06 git pull
   77  2025-07-09 08:56:06 cd ..
   78  2025-07-09 08:56:06 ls
   79  2025-07-09 08:56:06 cd examples/
   80  2025-07-09 08:56:06 ls
   81  2025-07-09 08:56:06 cd pthreads/
   82  2025-07-09 08:56:06 ls
   83  2025-07-09 08:56:06 cd hello_iw_shr/
   84  2025-07-09 08:56:06 ñs
   85  2025-07-09 08:56:06 ls
   86  2025-07-09 08:56:06 make
   87  2025-07-09 08:56:06 ./bin/hello_iw_shr 4
   88  2025-07-09 08:56:06 ./bin/hello_iw_shr 3
   89  2025-07-09 08:56:06 ./bin/hello_iw_shr
   90  2025-07-09 08:56:06 ./bin/hello_iw_shr 50
   91  2025-07-09 08:56:06 ./bin/hello_iw_shr 500
   92  2025-07-09 08:56:06 ./bin/hello_iw_shr 5000
   93  2025-07-09 08:56:06 ./bin/hello_iw_shr 50000
   94  2025-07-09 08:56:06 clear
   95  2025-07-09 08:56:06 cd ..
   96  2025-07-09 08:56:06 ls
   97  2025-07-09 08:56:06 cd hello_order_busywait/
   98  2025-07-09 08:56:06 make
   99  2025-07-09 08:56:06 ls
  100  2025-07-09 08:56:06 ./bin/hello_order_busywait 
  101  2025-07-09 08:56:06 ./bin/hello_order_busywait 4
  102  2025-07-09 08:56:06 ./bin/hello_order_busywait 20
  103  2025-07-09 08:56:06 ./bin/hello_order_busywait 200
  104  2025-07-09 08:56:06 ./bin/hello_order_busywait 2000
  105  2025-07-09 08:56:06 ./bin/hello_order_busywait 200
  106  2025-07-09 08:56:06 cd 
  107  2025-07-09 08:56:06 ñs
  108  2025-07-09 08:56:06 ls
  109  2025-07-09 08:56:06 cd concurrente25a-yosery_zheng/
  110  2025-07-09 08:56:06 ls
  111  2025-07-09 08:56:06 cd exercises/
  112  2025-07-09 08:56:06 ls
  113  2025-07-09 08:56:06 cd pthreads/
  114  2025-07-09 08:56:06 ls
  115  2025-07-09 08:56:06 cd team_shot_put/
  116  2025-07-09 08:56:06 ls
  117  2025-07-09 08:56:06 valgrind --tool=helgrind ./src/team_shot_put.c
  118  2025-07-09 08:56:06 valgrind --tool=helgrind ./src/team_shot_put
  119  2025-07-09 08:56:06 valgrind --tool=helgrind ./bin/team_shot_put
  120  2025-07-09 08:56:06 valgrind --tool=helgrind ./bin/team_shot_put 3
  121  2025-07-09 08:56:06 make
  122  2025-07-09 08:56:06 ./bin/team_shot_put
  123  2025-07-09 08:56:06 ./bin/team_shot_put 3
  124  2025-07-09 08:56:06 memcheck
  125  2025-07-09 08:56:06 make
  126  2025-07-09 08:56:06 helgrind
  127  2025-07-09 08:56:06 make helgrind
  128  2025-07-09 08:56:06 make memcheck
  129  2025-07-09 08:56:06 make helgrind
  130  2025-07-09 08:56:06 make asan
  131  2025-07-09 08:56:06 make msan
  132  2025-07-09 08:56:06 make tsan
  133  2025-07-09 08:56:06 make ubsan
  134  2025-07-09 08:56:06 make
  135  2025-07-09 08:56:06 ./bin/team_shot_put 3
  136  2025-07-09 08:56:06 make
  137  2025-07-09 08:56:06 ./bin/team_shot_put 3
  138  2025-07-09 08:56:06 make lint
  139  2025-07-09 08:56:06 make memcheck
  140  2025-07-09 08:56:06 make memcheck 3
  141  2025-07-09 08:56:06 make
  142  2025-07-09 08:56:06 make memcheck
  143  2025-07-09 08:56:06 make
  144  2025-07-09 08:56:06 make memcheck
  145  2025-07-09 08:56:06 make
  146  2025-07-09 08:56:06 ./bin/team_shot_put 3
  147  2025-07-09 08:56:06 make helgrind
  148  2025-07-09 08:56:06 make asan
  149  2025-07-09 08:56:06 clear
  150  2025-07-09 08:56:06 make memcheck
  151  2025-07-09 08:56:06 make
  152  2025-07-09 08:56:06 make clean
  153  2025-07-09 08:56:06 make memcheck
  154  2025-07-09 08:56:06 make
  155  2025-07-09 08:56:06 make memcheck
  156  2025-07-09 08:56:06 valgrind --tool=memcheck --leak-check=full ./bin/team_shot_put 3
  157  2025-07-09 08:56:06 cd ..
  158  2025-07-09 08:56:06 ls
  159  2025-07-09 08:56:06 cd ..
  160  2025-07-09 08:56:06 ls
  161  2025-07-09 08:56:06 c d
  162  2025-07-09 08:56:06 cd ..
  163  2025-07-09 08:56:06 ls
  164  2025-07-09 08:56:06 cd homeworks/
  165  2025-07-09 08:56:06 ls
  166  2025-07-09 08:56:06 cd serial/
  167  2025-07-09 08:56:06 ls
  168  2025-07-09 08:56:06 git pull
  169  2025-07-09 08:56:06 make
  170  2025-07-09 08:56:06 ./bin/serial tests/job001.txt 4
  171  2025-07-09 08:56:06 make
  172  2025-07-09 08:56:06 ./bin/serial tests/job001.txt 4
  173  2025-07-09 08:56:06 make
  174  2025-07-09 08:56:06 ./bin/serial tests/job001.txt 4
  175  2025-07-09 08:56:06 make
  176  2025-07-09 08:56:06 git pull
  177  2025-07-09 08:56:06 make
  178  2025-07-09 08:56:06 clear
  179  2025-07-09 08:56:06 cd ..
  180  2025-07-09 08:56:06 ls examples/
  181  2025-07-09 08:56:06 ls
  182  2025-07-09 08:56:06 cd exam
  183  2025-07-09 08:56:06 cd examples/
  184  2025-07-09 08:56:06 ls
  185  2025-07-09 08:56:06 cd pthreads/
  186  2025-07-09 08:56:06 ls
  187  2025-07-09 08:56:06 cd hello_order_busywait/
  188  2025-07-09 08:56:06 make
  189  2025-07-09 08:56:06 ./bin/hello_order_busywait 
  190  2025-07-09 08:56:06 cd ..
  191  2025-07-09 08:56:06 ls
  192  2025-07-09 08:56:06 cd ..
  193  2025-07-09 08:56:06 ls exercises/
  194  2025-07-09 08:56:06 ls
  195  2025-07-09 08:56:06 cd exercises/
  196  2025-07-09 08:56:06 ls
  197  2025-07-09 08:56:06 cd pthreads/
  198  2025-07-09 08:56:06 ls
  199  2025-07-09 08:56:06 cd delayed_busy_wait/
  200  2025-07-09 08:56:06 make
  201  2025-07-09 08:56:06 clear
  202  2025-07-09 08:56:06 make
  203  2025-07-09 08:56:06 ./bin/delayed_busy_wait 16 50
  204  2025-07-09 08:56:06 ./bin/delayed_busy_wait 16 10
  205  2025-07-09 08:56:06 ./bin/delayed_busy_wait 16 100
  206  2025-07-09 08:56:06 ./bin/delayed_busy_wait 16 1000000000
  207  2025-07-09 08:56:06 ./bin/delayed_busy_wait 16 1
  208  2025-07-09 08:56:06 ./bin/delayed_busy_wait 16 2
  209  2025-07-09 08:56:06 ./bin/delayed_busy_wait 16 1000000000
  210  2025-07-09 08:56:06 ./bin/delayed_busy_wait 16 10000000000000000000000000
  211  2025-07-09 08:56:06 ./bin/delayed_busy_wait 16
  212  2025-07-09 08:56:06 ./bin/delayed_busy_wait 16 999999999999999999
  213  2025-07-09 08:56:06 ./bin/delayed_busy_wait 16 999999999999999999999999999
  214  2025-07-09 08:56:06 make
  215  2025-07-09 08:56:06 ./bin/delayed_busy_wait 16 999999999999999999999999999
  216  2025-07-09 08:56:06 ./bin/delayed_busy_wait 16
  217  2025-07-09 08:56:06 ./bin/delayed_busy_wait 16 999999999999999999999999999
  218  2025-07-09 08:56:06 ./bin/delayed_busy_wait 16
  219  2025-07-09 08:56:06 ./bin/delayed_busy_wait 16 0
  220  2025-07-09 08:56:06 ./bin/delayed_busy_wait
  221  2025-07-09 08:56:06 make
  222  2025-07-09 08:56:06 ./bin/delayed_busy_wait
  223  2025-07-09 08:56:06 ./bin/delayed_busy_wait 16
  224  2025-07-09 08:56:06 ./bin/delayed_busy_wait 16 20
  225  2025-07-09 08:56:06 make
  226  2025-07-09 08:56:06 ./bin/delayed_busy_wait 16 20
  227  2025-07-09 08:56:06 ./bin/delayed_busy_wait 16
  228  2025-07-09 08:56:06 make
  229  2025-07-09 08:56:06 ./bin/delayed_busy_wait 16
  230  2025-07-09 08:56:06 ./bin/delayed_busy_wait 16 2
  231  2025-07-09 08:56:06 ./bin/delayed_busy_wait 16 20
  232  2025-07-09 08:56:06 make
  233  2025-07-09 08:56:06 ./bin/delayed_busy_wait 16 20
  234  2025-07-09 08:56:06 ./bin/delayed_busy_wait 16
  235  2025-07-09 08:56:06 ./bin/delayed_busy_wait 16 20
  236  2025-07-09 08:56:06 make
  237  2025-07-09 08:56:06 ./bin/delayed_busy_wait 16 20
  238  2025-07-09 08:56:06 ./bin/delayed_busy_wait 16 
  239  2025-07-09 08:56:06 ./bin/delayed_busy_wait 16 20
  240  2025-07-09 08:56:06 make
  241  2025-07-09 08:56:06 ./bin/delayed_busy_wait 16 20
  242  2025-07-09 08:56:06 ./bin/delayed_busy_wait 16 1000
  243  2025-07-09 08:56:06 ./bin/delayed_busy_wait 16 1
  244  2025-07-09 08:56:06 ./bin/delayed_busy_wait 16 5
  245  2025-07-09 08:56:06 ./bin/delayed_busy_wait 16 25
  246  2025-07-09 08:56:06 ./bin/delayed_busy_wait 16 50
  247  2025-07-09 08:56:06 ./bin/delayed_busy_wait 16 75
  248  2025-07-09 08:56:06 ./bin/delayed_busy_wait 16 100
  249  2025-07-09 08:56:06 make
  250  2025-07-09 08:56:06 ./bin/delayed_busy_wait 16 100
  251  2025-07-09 08:56:06 ./bin/delayed_busy_wait 16 1
  252  2025-07-09 08:56:06 make
  253  2025-07-09 08:56:06 ./bin/delayed_busy_wait 16 1
  254  2025-07-09 08:56:06 make
  255  2025-07-09 08:56:06 ./bin/delayed_busy_wait 16 1
  256  2025-07-09 08:56:06 make
  257  2025-07-09 08:56:06 ./bin/delayed_busy_wait 16 1
  258  2025-07-09 08:56:06 make
  259  2025-07-09 08:56:06 ./bin/delayed_busy_wait 16 1
  260  2025-07-09 08:56:06 make
  261  2025-07-09 08:56:06 ./bin/delayed_busy_wait 16 1
  262  2025-07-09 08:56:06 ./bin/delayed_busy_wait 16 100
  263  2025-07-09 08:56:06 ./bin/delayed_busy_wait 16 10000
  264  2025-07-09 08:56:06 ./bin/delayed_busy_wait 16
  265  2025-07-09 08:56:06 ./bin/delayed_busy_wait 16 500
  266  2025-07-09 08:56:06 make
  267  2025-07-09 08:56:06 ./bin/delayed_busy_wait 16 500
  268  2025-07-09 08:56:06 ./bin/delayed_busy_wait 16 20
  269  2025-07-09 08:56:06 20
  270  2025-07-09 08:56:06 ./bin/delayed_busy_wait 16 20
  271  2025-07-09 08:56:06 ./bin/delayed_busy_wait 16 200
  272  2025-07-09 08:56:06 ./bin/delayed_busy_wait 16 2000
  273  2025-07-09 08:56:06 cd ..
  274  2025-07-09 08:56:06 cd .
  275  2025-07-09 08:56:06 cd ..
  276  2025-07-09 08:56:06 git pull
  277  2025-07-09 08:56:06 cd exercises/pthreads/grandma_lottery/
  278  2025-07-09 08:56:06 make
  279  2025-07-09 08:56:06 make asan
  280  2025-07-09 08:56:06 make clean asan
  281  2025-07-09 08:56:06 ./bin/grandma_lottery 
  282  2025-07-09 08:56:06 cd ..
  283  2025-07-09 08:56:06 ls
  284  2025-07-09 08:56:06 cd birthday_pinata/
  285  2025-07-09 08:56:06 make
  286  2025-07-09 08:56:06 git pull
  287  2025-07-09 08:56:06 cd ..
  288  2025-07-09 08:56:06 git pull
  289  2025-07-09 08:56:06 cd exam
  290  2025-07-09 08:56:06 cd examples/
  291  2025-07-09 08:56:06 ls
  292  2025-07-09 08:56:06 cd pthreads/
  293  2025-07-09 08:56:06 ls
  294  2025-07-09 08:56:06 cd prod_cons_bound/
  295  2025-07-09 08:56:06 make
  296  2025-07-09 08:56:06 ./bin/prod_cons_bound 3 2 0 100 0 750
  297  2025-07-09 08:56:06 cd ..
  298  2025-07-09 08:56:06 git pull
  299  2025-07-09 08:56:06 cd ls
  300  2025-07-09 08:56:06 ls
  301  2025-07-09 08:56:06 cd exercises/
  302  2025-07-09 08:56:06 ls
  303  2025-07-09 08:56:06 cd pthreads/
  304  2025-07-09 08:56:06 ls
  305  2025-07-09 08:56:06 cd prod_cons_bound_mod/
  306  2025-07-09 08:56:06 make
  307  2025-07-09 08:56:06 cd ..
  308  2025-07-09 08:56:06 ls
  309  2025-07-09 08:56:06 cd ..
  310  2025-07-09 08:56:06 cd
  311  2025-07-09 08:56:06 ls
  312  2025-07-09 08:56:06 cd concurrente25a-yosery_zheng/
  313  2025-07-09 08:56:06 ls
  314  2025-07-09 08:56:06 cd homeworks/
  315  2025-07-09 08:56:06 ls
  316  2025-07-09 08:56:06 cd pthread/
  317  2025-07-09 08:56:06 ls
  318  2025-07-09 08:56:06 make
  319  2025-07-09 08:56:06 ./bin/pthread tests/job001.txt 5
  320  2025-07-09 08:56:06 ./bin/pthread tests/job001.txt 6
  321  2025-07-09 08:56:06 ls
  322  2025-07-09 08:56:06 cd ..
  323  2025-07-09 08:56:06 cd exercises/
  324  2025-07-09 08:56:06 ls
  325  2025-07-09 08:56:06 cd pthreads/
  326  2025-07-09 08:56:06 ls
  327  2025-07-09 08:56:06 cd building_tasks/
  328  2025-07-09 08:56:06 make
  329  2025-07-09 08:56:06 ./bin/building_tasks 
  330  2025-07-09 08:56:06 ./bin/building_tasks 50
  331  2025-07-09 08:56:06 cd ..
  332  2025-07-09 08:56:06 cd homeworks/
  333  2025-07-09 08:56:06 c dse
  334  2025-07-09 08:56:06 cd serial/
  335  2025-07-09 08:56:06 make
  336  2025-07-09 08:56:06 ./bin/serial tests/job001.txt
  337  2025-07-09 08:56:06 cd ..
  338  2025-07-09 08:56:06 cd pthread/
  339  2025-07-09 08:56:06 make
  340  2025-07-09 08:56:06 ./bin/pthread tests/job001.txt 16
  341  2025-07-09 08:56:06 cd ..
  342  2025-07-09 08:56:06 ls
  343  2025-07-09 08:56:06 cd exercises/
  344  2025-07-09 08:56:06 ls
  345  2025-07-09 08:56:06 cd pthreads/
  346  2025-07-09 08:56:06 ls
  347  2025-07-09 08:56:06 cd network_simul_packet_loss/
  348  2025-07-09 08:56:06 ls
  349  2025-07-09 08:56:06 make
  350  2025-07-09 08:56:06 ./bin/network_simul_packet_loss 
  351  2025-07-09 08:56:06 ./bin/network_simul_packet_loss 50 10 20 20 50
  352  2025-07-09 08:56:06 ./bin/network_simul_packet_loss 50 10 50 50 30
  353  2025-07-09 08:56:06 ./bin/network_simul_packet_loss 1000 2 1 -2 0 50
  354  2025-07-09 08:56:06 ./bin/network_simul_packet_loss 1000 2 1 2 0 50
  355  2025-07-09 08:56:06 ./bin/network_simul_packet_loss 1000 2 1 2 5  50
  356  2025-07-09 08:56:06 ./bin/network_simul_packet_loss 1000 2 1 2 5 50
  357  2025-07-09 08:56:06 cd ..
  358  2025-07-09 08:56:06 cd homeworks/
  359  2025-07-09 08:56:06 ls
  360  2025-07-09 08:56:06 cd pthread/
  361  2025-07-09 08:56:06 ls
  362  2025-07-09 08:56:06 make
  363  2025-07-09 08:56:06 ./bin/pthread tests/job001.txt 16
  364  2025-07-09 08:56:06 cd ..
  365  2025-07-09 08:56:06 git pull
  366  2025-07-09 08:56:06 ls
  367  2025-07-09 08:56:06 cd pthread/
  368  2025-07-09 08:56:06 ls
  369  2025-07-09 08:56:06 make
  370  2025-07-09 08:56:06 ./bin/pthread 
  371  2025-07-09 08:56:06 ./bin/pthread tests/job001.txt
  372  2025-07-09 08:56:06 cd ..
  373  2025-07-09 08:56:06 git pull
  374  2025-07-09 08:56:06 git fetch
  375  2025-07-09 08:56:06 git pull
  376  2025-07-09 08:56:06 git fetch
  377  2025-07-09 08:56:06 git pull
  378  2025-07-09 08:56:06 cd ..
  379  2025-07-09 08:56:06 git clone[200~https://github.com/cerillo2808/prispan_concurrente25a.git~
  380  2025-07-09 08:56:06 git clone [200~https://github.com/cerillo2808/prispan_concurrente25a.git~
  381  2025-07-09 08:56:06 git clone https://github.com/cerillo2808/prispan_concurrente25a.git
  382  2025-07-09 08:56:06 ls
  383  2025-07-09 08:56:06 cd p
  384  2025-07-09 08:56:06 cd P
  385  2025-07-09 08:56:06 cd Proyecto1/
  386  2025-07-09 08:56:06 ls
  387  2025-07-09 08:56:06 cd src/
  388  2025-07-09 08:56:06 ls
  389  2025-07-09 08:56:06 cd webapp/
  390  2025-07-09 08:56:06 make
  391  2025-07-09 08:56:06 ls
  392  2025-07-09 08:56:06 cd ..
  393  2025-07-09 08:56:06 make
  394  2025-07-09 08:56:06 cd ..
  395  2025-07-09 08:56:06 ls
  396  2025-07-09 08:56:06 make
  397  2025-07-09 08:56:06 ls bin
  398  2025-07-09 08:56:06 ./bin/Proyecto1 
  399  2025-07-09 08:56:06 ./bin/Proyecto1 5
  400  2025-07-09 08:56:06 ./bin/Proyecto1 1080
  401  2025-07-09 08:56:06 ./bin/Proyecto1 1080 5
  402  2025-07-09 08:56:06 ./bin/Proyecto1 1080
  403  2025-07-09 08:56:06 make stress
  404  2025-07-09 08:56:06 make
  405  2025-07-09 08:56:06 ./bin/Proyecto1 
  406  2025-07-09 08:56:06 httperf --server localhost --port 8080 --num-conns 200 --rate 50 --num-call 3 --uri /fact?number=123 --timeout 1~
  407  2025-07-09 08:56:06 httperf --server localhost --port 8080 --num-conns 200 --rate 50 --num-call 3 --uri /fact?number=123 --timeout 1
  408  2025-07-09 08:56:06 ls
  409  2025-07-09 08:56:06 cd concurrente25a-yosery_zheng/
  410  2025-07-09 08:56:06 ls
  411  2025-07-09 08:56:06 cd taskc/
  412  2025-07-09 08:56:06 ls
  413  2025-07-09 08:56:06 make
  414  2025-07-09 08:56:06 cd network_simul_packet_loss/
  415  2025-07-09 08:56:06 make
  416  2025-07-09 08:56:06 git pull
  417  2025-07-09 08:56:06 cd .
  418  2025-07-09 08:56:06 cd ..
  419  2025-07-09 08:56:06 ls
  420  2025-07-09 08:56:06 cd ..
  421  2025-07-09 08:56:06 ls
  422  2025-07-09 08:56:06 git pull
  423  2025-07-09 08:56:06 cd ..
  424  2025-07-09 08:56:06 ls
  425  2025-07-09 08:56:06 scp -r concurrente25a-yosery_zheng C38680@10.84.19.15
  426  2025-07-09 08:56:06 scp -r concurrente25a-yosery_zheng C38680@10.84.19.15:
  427  2025-07-09 08:56:06 git pull
  428  2025-07-09 08:56:06 cd concurrente25a-yosery_zheng/
  429  2025-07-09 08:56:06 git pull
  430  2025-07-09 08:56:06 ssh -Y liqing.zheng@10.84.19.15
  431  2025-07-09 08:56:06 ssh -Y C38680@10.84.19.15
  432  2025-07-09 08:56:06 cd ..
  433  2025-07-09 08:56:06 ssh -Y C38680@10.84.19.15
  434  2025-07-09 08:56:06 git pull
  435  2025-07-09 08:56:06 ls homeworks/
  436  2025-07-09 08:56:06 ls
  437  2025-07-09 08:56:06 ls homeworks/
  438  2025-07-09 08:56:06 ls op
  439  2025-07-09 08:56:06 cd homeworks/
  440  2025-07-09 08:56:06 ls
  441  2025-07-09 08:56:06 cd optimized/
  442  2025-07-09 08:56:06 ls
  443  2025-07-09 08:56:06 cd auto_files/
  444  2025-07-09 08:56:06 ls
  445  2025-07-09 08:56:06 kcachegrind callgrind.out.3136474 
  446  2025-07-09 08:56:06 scp C38680@10.84.19.15:/~callgrind.out.2209469 .
  447  2025-07-09 08:56:06 scp C38680@10.84.19.15:/home/C38680/callgrind.out.2209469 .
  448  2025-07-09 08:56:06 scp C38680@10.84.19.15:/home/C38680/callgrind.out.2225819 .
  449  2025-07-09 08:56:06 kcachegrind callgrind.out.2209469 
  450  2025-07-09 08:56:06 kcachegrind callgrind.out.2225819 
  451  2025-07-09 08:56:06 cd ..
  452  2025-07-09 08:56:06 cd
  453  2025-07-09 08:56:06 ls
  454  2025-07-09 08:56:06 cd concurrente25a-yosery_zheng/
  455  2025-07-09 08:56:06 ls
  456  2025-07-09 08:56:06 cd ex
  457  2025-07-09 08:56:06 cd examples/
  458  2025-07-09 08:56:06 ls
  459  2025-07-09 08:56:06 cd openmp/
  460  2025-07-09 08:56:06 ls
  461  2025-07-09 08:56:06 cd task/
  462  2025-07-09 08:56:06 ls
  463  2025-07-09 08:56:06 make
  464  2025-07-09 08:56:06 ./bin/task 
  465  2025-07-09 08:56:06 echo El del niño mordió al papá perro | bin/shuffle_sentence
  466  2025-07-09 08:56:06 echo El del niño mordió al papá perro |./ bin/shuffle_sentence
  467  2025-07-09 08:56:06 echo El del niño mordió al papá perro | bin/shuffle_sentence
  468  2025-07-09 08:56:06 ls
  469  2025-07-09 08:56:06 ls bin/
  470  2025-07-09 08:56:06 echo El del niño mordió al papá perro | bin/task
  471  2025-07-09 08:56:06 make clean
  472  2025-07-09 08:56:06 make
  473  2025-07-09 08:56:06 echo El del niño mordió al papá perro | bin/shuffle_sentence
  474  2025-07-09 08:56:06 make clean
  475  2025-07-09 08:56:06 make
  476  2025-07-09 08:56:06 echo El del niño mordió al papá perro | bin/shuffle_sentence
  477  2025-07-09 08:56:06 make clean
  478  2025-07-09 08:56:06 make
  479  2025-07-09 08:56:06 make clean
  480  2025-07-09 08:56:06 make
  481  2025-07-09 08:56:06 make clean
  482  2025-07-09 08:56:06 make
  483  2025-07-09 08:56:06 echo El del niño mordió al papá perro | bin/shuffle_sentence
  484  2025-07-09 08:56:06 make clean
  485  2025-07-09 08:56:06 make
  486  2025-07-09 08:56:06 echo El del niño mordió al papá perro | bin/shuffle_sentence
  487  2025-07-09 08:56:06 echo this is a test | bin/shuffle_sentence
  488  2025-07-09 08:56:06 El perro mordió al papá del niño | bin/shuffle_sentence
  489  2025-07-09 08:56:06 echo El perro mordió al papá del niño | bin/shuffle_sentence
  490  2025-07-09 08:56:06 make
  491  2025-07-09 08:56:06 echo El perro mordió al papá del niño | bin/shuffle_sentence
  492  2025-07-09 08:56:06 make
  493  2025-07-09 08:56:06 echo El perro mordió al papá del niño | bin/shuffle_sentence
  494  2025-07-09 08:56:06 make
  495  2025-07-09 08:56:06 echo El perro mordió al papá del niño | bin/shuffle_sentence
  496  2025-07-09 08:56:06 cd 
  497  2025-07-09 08:56:06 ssh -Y C38680@10.84.19.15
  498  2025-07-09 08:56:06 echo El perro mordió al papá del niño | bin/shuffle_sentencecd ..
  499  2025-07-09 08:56:06 make
  500  2025-07-09 08:56:06 echo El perro mordió al papá del niño | bin/shuffle_sentence
  501  2025-07-09 08:56:06 make clean
  502  2025-07-09 08:56:06 make
  503  2025-07-09 08:56:06 echo El perro mordió al papá del niño | bin/shuffle_sentence
  504  2025-07-09 08:56:06 make clean
  505  2025-07-09 08:56:06 make
  506  2025-07-09 08:56:06 echo El perro mordió al papá del niño | bin/shuffle_sentence
  507  2025-07-09 08:56:06 make clean
  508  2025-07-09 08:56:06 make
  509  2025-07-09 08:56:06 echo El perro mordió al papá del niño | bin/shuffle_sentence
  510  2025-07-09 08:56:06 make clean
  511  2025-07-09 08:56:06 make
  512  2025-07-09 08:56:06 echo El perro mordió al papá del niño | bin/shuffle_sentence
  513  2025-07-09 08:56:06 clear
  514  2025-07-09 08:56:06 echo El perro mordió al papá del niño | bin/shuffle_sentence
  515  2025-07-09 08:56:06 make clean
  516  2025-07-09 08:56:06 make
  517  2025-07-09 08:56:06 echo El perro mordió al papá del niño | bin/shuffle_sentence
  518  2025-07-09 08:56:06 make
  519  2025-07-09 08:56:06 echo El perro mordió al papá del niño | bin/shuffle_sentence
  520  2025-07-09 08:56:06 make cleam
  521  2025-07-09 08:56:06 make  clean
  522  2025-07-09 08:56:06 make
  523  2025-07-09 08:56:06 echo El perro mordió al papá del niño | bin/shuffle_sentence
  524  2025-07-09 08:56:06 git fetch
  525  2025-07-09 08:56:06 git pull
  526  2025-07-09 08:56:06 c d
  527  2025-07-09 08:56:06 cd 
  528  2025-07-09 08:56:06 cd hom
  529  2025-07-09 08:56:06 ls
  530  2025-07-09 08:56:06 cd concurrente25a-yosery_zheng/
  531  2025-07-09 08:56:06 ls
  532  2025-07-09 08:56:06 cd homeworks/
  533  2025-07-09 08:56:06 ls
  534  2025-07-09 08:56:06 cd optimized/
  535  2025-07-09 08:56:06 scp C38680@10.84.19.15:/home/C38680/job.1922.out .
  536  2025-07-09 08:56:06 cd ..
  537  2025-07-09 08:56:06 ls serial/
  538  2025-07-09 08:56:06 make clean
  539  2025-07-09 08:56:06 make
  540  2025-07-09 08:56:06 ls
  541  2025-07-09 08:56:06 cd serial/
  542  2025-07-09 08:56:06 ls
  543  2025-07-09 08:56:06 make clea
  544  2025-07-09 08:56:06 make clean
  545  2025-07-09 08:56:06 make
  546  2025-07-09 08:56:06 ./bin/serial 
  547  2025-07-09 08:56:06 ./bin/serial tests/job001.txt
  548  2025-07-09 08:56:06 ./bin/serial tests/job001b/job001.txt
  549  2025-07-09 08:56:06 make clean
  550  2025-07-09 08:56:06 make
  551  2025-07-09 08:56:06 ./bin/serial tests/job001b/job001.txt
  552  2025-07-09 08:56:06 make
  553  2025-07-09 08:56:06 ./bin/serial tests/job001b/job001.txt
  554  2025-07-09 08:56:06 make clean
  555  2025-07-09 08:56:06 make
  556  2025-07-09 08:56:06 make clean
  557  2025-07-09 08:56:06 make
  558  2025-07-09 08:56:06 ./bin/serial tests/job001b/job001.txt
  559  2025-07-09 08:56:06 make clean
  560  2025-07-09 08:56:06 make
  561  2025-07-09 08:56:06 ./bin/serial tests/job001b/job001.txt
  562  2025-07-09 08:56:06 make lint
  563  2025-07-09 08:56:06 cd ..
  564  2025-07-09 08:56:06 cd pthread/
  565  2025-07-09 08:56:06 ls
  566  2025-07-09 08:56:06 make lint
  567  2025-07-09 08:56:06 make clean
  568  2025-07-09 08:56:06 make
  569  2025-07-09 08:56:06 ./bin/pthread tests/job001b/job001.txt 4
  570  2025-07-09 08:56:06 make clean
  571  2025-07-09 08:56:06 make
  572  2025-07-09 08:56:06 ./bin/pthread tests/job001b/job001.txt 4
  573  2025-07-09 08:56:06 make lint
  574  2025-07-09 08:56:06 cd 
  575  2025-07-09 08:56:06 scp -r concurrente25a-yosery_zheng C38680@10.84.19.15:
  576  2025-07-09 08:56:06 scp C38680@10.84.19.15:/home/C38680/job.1978.out:
  577  2025-07-09 08:56:06 cd concurrente25a-yosery_zheng/
  578  2025-07-09 08:56:06 scp C38680@10.84.19.15:/home/C38680/job.1978.out .
  579  2025-07-09 08:56:06 scp C38680@10.84.19.15:/home/C38680/job.1979.out .
  580  2025-07-09 08:56:06 cd ..
  581  2025-07-09 08:56:06 ls
  582  2025-07-09 08:56:06 cd D
  583  2025-07-09 08:56:06 cd Downloads/
  584  2025-07-09 08:56:06 ls
  585  2025-07-09 08:56:06 cd ..
  586  2025-07-09 08:56:06 cd Do
  587  2025-07-09 08:56:06 cd Downloads/
  588  2025-07-09 08:56:06 ls
  589  2025-07-09 08:56:06 scp -r job020b C38680@10.84.19.15:
  590  2025-07-09 08:56:06 cd ..
  591  2025-07-09 08:56:06 cd concurrente25a-yosery_zheng/
  592  2025-07-09 08:56:06 ls
  593  2025-07-09 08:56:06 make
  594  2025-07-09 08:56:06 git pull
  595  2025-07-09 08:56:06 make clean
  596  2025-07-09 08:56:06 make
  597  2025-07-09 08:56:06 ./bin/Proyecto1 
  598  2025-07-09 08:56:06 pwd
  599  2025-07-09 08:56:06 cd /home/c38680/prispan_concurrente25a/Proyecto1
  600  2025-07-09 08:56:06 ./bin/Proyecto1 
  601  2025-07-09 08:56:06 cd ..
  602  2025-07-09 08:56:06 cd Proyecto1/
  603  2025-07-09 08:56:06 git status
  604  2025-07-09 08:56:06 ./bin/Proyecto1 14001
  605  2025-07-09 08:56:06 git status
  606  2025-07-09 08:56:06 git checkout 20e2bb9
  607  2025-07-09 08:56:06 ls
  608  2025-07-09 08:56:06 make clean
  609  2025-07-09 08:56:06 make 
  610  2025-07-09 08:56:06 ./bin/Proyecto1 
  611  2025-07-09 08:56:06 reboot -now
  612  2025-07-09 08:56:06 sudo reboot
  613  2025-07-09 08:56:06 top
  614  2025-07-09 08:56:06 ps aux | grep Proyecto
  615  2025-07-09 08:56:06 netstat -p 7491
  616  2025-07-09 08:56:06 lsof -i -P | grep 7491
  617  2025-07-09 08:56:06 wget localhost
  618  2025-07-09 08:56:06 wget localhost:8080
  619  2025-07-09 08:56:06 wget 0.0.0.0:8080
  620  2025-07-09 08:56:06 curl localhost:8080
  621  2025-07-09 08:56:06 curl localhost:14001
  622  2025-07-09 08:56:06 ls
  623  2025-07-09 08:56:06 cd Proyecto1/
  624  2025-07-09 08:56:06 ls
  625  2025-07-09 08:56:06 make clean
  626  2025-07-09 08:56:06 make
  627  2025-07-09 08:56:06 ./bin/Proyecto1 
  628  2025-07-09 08:56:06 ls
  629  2025-07-09 08:56:06 make clean
  630  2025-07-09 08:56:06 make
  631  2025-07-09 08:56:06 ./bin/Proyecto1 8080
  632  2025-07-09 08:56:06 make clean tsan
  633  2025-07-09 08:56:06 ./bin/Proyecto1 
  634  2025-07-09 08:56:06 ls
  635  2025-07-09 08:56:06 cd ex
  636  2025-07-09 08:56:06 cd examples/
  637  2025-07-09 08:56:06 ls
  638  2025-07-09 08:56:06 cd openmp/
  639  2025-07-09 08:56:06 ls
  640  2025-07-09 08:56:06 cd op
  641  2025-07-09 08:56:06 cd omp_team/
  642  2025-07-09 08:56:06 ls
  643  2025-07-09 08:56:06 make
  644  2025-07-09 08:56:06 ./bin/omp_team 
  645  2025-07-09 08:56:06 git config --global user.name "cerillo2808"
  646  2025-07-09 08:56:06 git config --global user.email "yoseryzhenglu@gmail.com"
  647  2025-07-09 08:56:06 git pull --no-rebase origin main
  648  2025-07-09 08:56:06 ls
  649  2025-07-09 08:56:06 c d..
  650  2025-07-09 08:56:06 cd ..
  651  2025-07-09 08:56:06 ls
  652  2025-07-09 08:56:06 cd omp_for/
  653  2025-07-09 08:56:06 ls
  654  2025-07-09 08:56:06 make
  655  2025-07-09 08:56:06 OMP_SCHEDULE="static" ./bin/main 4 20
  656  2025-07-09 08:56:06 make
  657  2025-07-09 08:56:06 ls
  658  2025-07-09 08:56:06 OMP_SCHEDULE="static" ./bin/main 4 20
  659  2025-07-09 08:56:06 ls bin
  660  2025-07-09 08:56:06 OMP_SCHEDULE="static" ./bin/omp_for 4 20
  661  2025-07-09 08:56:06 OMP_SCHEDULE="static,1" ./bin/omp_for 4 20
  662  2025-07-09 08:56:06 OMP_SCHEDULE="dynamic,2" ./bin/omp_for 4 20
  663  2025-07-09 08:56:06 OMP_SCHEDULE="guided,2" ./bin/omp_for 4 20
  664  2025-07-09 08:56:06 git pull
  665  2025-07-09 08:56:06 ls
  666  2025-07-09 08:56:06 cd ..
  667  2025-07-09 08:56:06 ls
  668  2025-07-09 08:56:06 cd ..
  669  2025-07-09 08:56:06 ls
  670  2025-07-09 08:56:06 cd ..
  671  2025-07-09 08:56:06 ls
  672  2025-07-09 08:56:06 cd exercises/
  673  2025-07-09 08:56:06 ls
  674  2025-07-09 08:56:06 cd mpi/
  675  2025-07-09 08:56:06 ls
  676  2025-07-09 08:56:06 cd mpi_ring/
  677  2025-07-09 08:56:06 ls
  678  2025-07-09 08:56:06 make
  679  2025-07-09 08:56:06 mpirun -np 4 ./main
  680  2025-07-09 08:56:06 ls
  681  2025-07-09 08:56:06 cd bin/
  682  2025-07-09 08:56:06 ls
  683  2025-07-09 08:56:06 cd ..
  684  2025-07-09 08:56:06 mpirun -np 4 ./mpi_ring
  685  2025-07-09 08:56:06 mpirun -np 4 ./bin/mpi_ring
  686  2025-07-09 08:56:06 make clean
  687  2025-07-09 08:56:06 make
  688  2025-07-09 08:56:06 mpirun -np 4 ./bin/mpi_ring
  689  2025-07-09 08:56:06 mpirun -np 2 ./bin/mpi_ring
  690  2025-07-09 08:56:06 mpirun -np 4 ./bin/mpi_ring
  691  2025-07-09 08:56:06 mpirun -np 8 ./bin/mpi_ring
  692  2025-07-09 08:56:06 mpirun -np 4 ./bin/mpi_ring
  693  2025-07-09 08:56:06 make
  694  2025-07-09 08:56:06 mpirun -np 4 ./bin/mpi_ring
  695  2025-07-09 08:56:06 make
  696  2025-07-09 08:56:06 mpirun -np 4 ./bin/mpi_ring
  697  2025-07-09 08:56:06 make clean
  698  2025-07-09 08:56:06 make
  699  2025-07-09 08:56:06 mpirun -np 4 ./bin/mpi_ring
  700  2025-07-09 08:56:06 make clean
  701  2025-07-09 08:56:06 make
  702  2025-07-09 08:56:06 mpirun -np 4 ./bin/mpi_ring
  703  2025-07-09 08:56:06 make clean
  704  2025-07-09 08:56:06 mpirun -np 4 ./bin/mpi_ring
  705  2025-07-09 08:56:06 make
  706  2025-07-09 08:56:06 mpirun -np 4 ./bin/mpi_ring
  707  2025-07-09 08:56:06 make
  708  2025-07-09 08:56:06 mpirun -np 4 ./bin/mpi_ring
  709  2025-07-09 08:56:06 make
  710  2025-07-09 08:56:06 mpirun -np 4 ./bin/mpi_ring
  711  2025-07-09 08:56:06 make
  712  2025-07-09 08:56:06 mpirun -np 4 ./bin/mpi_ring
  713  2025-07-09 08:56:06 make
  714  2025-07-09 08:56:06 mpirun -np 4 ./bin/mpi_ring
  715  2025-07-09 08:56:06 make
  716  2025-07-09 08:56:06 mpirun -np 4 ./bin/mpi_ring
  717  2025-07-09 08:56:06 make
  718  2025-07-09 08:56:06 mpirun -np 4 ./bin/mpi_ring
  719  2025-07-09 08:56:06 make
  720  2025-07-09 08:56:06 mpirun -np 4 ./bin/mpi_ring
  721  2025-07-09 08:56:06 make
  722  2025-07-09 08:56:06 mpirun -np 4 ./bin/mpi_ring
  723  2025-07-09 08:56:06 make
  724  2025-07-09 08:56:06 mpirun -np 4 ./bin/mpi_ring
  725  2025-07-09 08:56:06 make
  726  2025-07-09 08:56:06 mpirun -np 4 ./bin/mpi_ring
  727  2025-07-09 08:56:06 make
  728  2025-07-09 08:56:06 mpirun -np 4 ./bin/mpi_ring
  729  2025-07-09 08:56:06 make
  730  2025-07-09 08:56:06 mpirun -np 4 ./bin/mpi_ring
  731  2025-07-09 08:56:06 make
  732  2025-07-09 08:56:06 mpirun -np 4 ./bin/mpi_ring
  733  2025-07-09 08:56:06 make
  734  2025-07-09 08:56:06 mpirun -np 4 ./bin/mpi_ring
  735  2025-07-09 08:56:06 cd ..
  736  2025-07-09 08:56:06 cd
  737  2025-07-09 08:56:06 ñs
  738  2025-07-09 08:56:06 ls
  739  2025-07-09 08:56:06 git clone https://github.com/cerillo2808/ci0116_25a_c38680.git
  740  2025-07-09 08:56:06 ls
  741  2025-07-09 08:56:06 cd ci0116_25a_c38680/
  742  2025-07-09 08:56:06 cd tareas_programadas/
  743  2025-07-09 08:56:06 ls
  744  2025-07-09 08:56:06 cd tp2
  745  2025-07-09 08:56:06 ls
  746  2025-07-09 08:56:06 make
  747  2025-07-09 08:56:06 ./bin/main 
  748  2025-07-09 08:56:06 make
  749  2025-07-09 08:56:06 ./bin/main 
  750  2025-07-09 08:56:06 ls
  751  2025-07-09 08:56:06 cd ..
  752  2025-07-09 08:56:06 cd 
  753  2025-07-09 08:56:06 ls
  754  2025-07-09 08:56:06 cd concurrente25a-yosery_zheng/
  755  2025-07-09 08:56:06 ls
  756  2025-07-09 08:56:06 git pull
  757  2025-07-09 08:56:06 ls
  758  2025-07-09 08:56:06 cd exercises/
  759  2025-07-09 08:56:06 ls
  760  2025-07-09 08:56:06 cd mpi/
  761  2025-07-09 08:56:06 ls
  762  2025-07-09 08:56:06 cd send_recv_ord_itm/
  763  2025-07-09 08:56:06 ls
  764  2025-07-09 08:56:06 make lint
  765  2025-07-09 08:56:06 make
  766  2025-07-09 08:56:06 mpirun -np 3 ./bin/send_recv_ord_itm 
  767  2025-07-09 08:56:06 mpiexec -n 4 ./bin/send_recv_ord_itm 
  768  2025-07-09 08:56:06 ls
  769  2025-07-09 08:56:06 dir
  770  2025-07-09 08:56:06 ls
  771  2025-07-09 08:56:06 cd ..
  772  2025-07-09 08:56:06 ls
  773  2025-07-09 08:56:06 cd ..
  774  2025-07-09 08:56:06 ls
  775  2025-07-09 08:56:06 cd examples/
  776  2025-07-09 08:56:06 ls
  777  2025-07-09 08:56:06 cd mpi/
  778  2025-07-09 08:56:06 ls
  779  2025-07-09 08:56:06 cd send_recv_urd/
  780  2025-07-09 08:56:06 ls
  781  2025-07-09 08:56:06 make
  782  2025-07-09 08:56:06 mpirun -np 3 ./bin/send_recv_urd 
  783  2025-07-09 08:56:06 make lint
  784  2025-07-09 08:56:06 make clean
  785  2025-07-09 08:56:06 cd ..
  786  2025-07-09 08:56:06 ls
  787  2025-07-09 08:56:06 cd ..
  788  2025-07-09 08:56:06 cd exercises/
  789  2025-07-09 08:56:06 ls
  790  2025-07-09 08:56:06 cd mpi/
  791  2025-07-09 08:56:06 ls
  792  2025-07-09 08:56:06 cd ping_pong_perfect/
  793  2025-07-09 08:56:06 ls
  794  2025-07-09 08:56:06 make
  795  2025-07-09 08:56:06 ./bin/ping_pong_perfect 2
  796  2025-07-09 08:56:06 mpirun -np 2 ./bin/ping_pong_perfect 2
  797  2025-07-09 08:56:06 mpirun -np 2 ./bin/ping_pong_perfect
  798  2025-07-09 08:56:06 make
  799  2025-07-09 08:56:06 mpirun -np 2 ./bin/ping_pong_perfect
  800  2025-07-09 08:56:06 make
  801  2025-07-09 08:56:06 mpirun -np 2 ./bin/ping_pong_perfect
  802  2025-07-09 08:56:06 make
  803  2025-07-09 08:56:06 mpirun -np 2 ./bin/ping_pong_perfect
  804  2025-07-09 08:56:06 make
  805  2025-07-09 08:56:06 mpirun -np 2 ./bin/ping_pong_perfect 20
  806  2025-07-09 08:56:06 mpirun -np 2 ./bin/ping_pong_perfect 20 20
  807  2025-07-09 08:56:06 mpirun -np 2 ./bin/ping_pong_perfect 20 500000
  808  2025-07-09 08:56:06 mpirun -np 2 ./bin/ping_pong_perfect 20 500
  809  2025-07-09 08:56:06 mpirun -np 2 ./bin/ping_pong_perfect 2 500
  810  2025-07-09 08:56:06 make clean
  811  2025-07-09 08:56:06 make
  812  2025-07-09 08:56:06 mpirun -np 2 ./bin/ping_pong_perfect 2 500
  813  2025-07-09 08:56:06 make lint
  814  2025-07-09 08:56:06 mae
  815  2025-07-09 08:56:06 make
  816  2025-07-09 08:56:06 mpirun -np 2 ./bin/ping_pong_perfect 2 500
  817  2025-07-09 08:56:06 make clean
  818  2025-07-09 08:56:06 cd ..
  819  2025-07-09 08:56:06 ls
  820  2025-07-09 08:56:06 cd ping_pong_realistic/
  821  2025-07-09 08:56:06 ls
  822  2025-07-09 08:56:06 make
  823  2025-07-09 08:56:06 mpirun -np 2 ./bin/ping_pong_realistic 2 500
  824  2025-07-09 08:56:06 make clean
  825  2025-07-09 08:56:06 make
  826  2025-07-09 08:56:06 mpirun -np 2 ./bin/ping_pong_realistic 90 85
  827  2025-07-09 08:56:06 mpirun -np 2 ./bin/ping_pong_realistic 5 90 85
  828  2025-07-09 08:56:06 make clean
  829  2025-07-09 08:56:06 make
  830  2025-07-09 08:56:06 mpirun -np 2 ./bin/ping_pong_realistic 5 90 85
  831  2025-07-09 08:56:06 git pull
  832  2025-07-09 08:56:06 cd ..
  833  2025-07-09 08:56:06 c d..
  834  2025-07-09 08:56:06 cd ..
  835  2025-07-09 08:56:06 ls
  836  2025-07-09 08:56:06 cd ..
  837  2025-07-09 08:56:06 ls
  838  2025-07-09 08:56:06 cd examples/
  839  2025-07-09 08:56:06 ls
  840  2025-07-09 08:56:06 cd mpi/
  841  2025-07-09 08:56:06 ls
  842  2025-07-09 08:56:06 cd stdin_sendrecv/
  843  2025-07-09 08:56:06 ls
  844  2025-07-09 08:56:06 make
  845  2025-07-09 08:56:06 mpirun -np 2 ./bin/stdin_sendrecv 
  846  2025-07-09 08:56:06 mpirun -np 2 ./bin/stdin_sendrecv -o stdin
  847  2025-07-09 08:56:06 make clean
  848  2025-07-09 08:56:06 cd ..
  849  2025-07-09 08:56:06 ls
  850  2025-07-09 08:56:06 cd stdin_sendrecv/
  851  2025-07-09 08:56:06 ls
  852  2025-07-09 08:56:06 make
  853  2025-07-09 08:56:06 mpirun -np 3 ./bin/stdin_sendrecv 
  854  2025-07-09 08:56:06 cd ..
  855  2025-07-09 08:56:06 ls
  856  2025-07-09 08:56:06 cd relay_race_dist/
  857  2025-07-09 08:56:06 ls
  858  2025-07-09 08:56:06 make
  859  2025-07-09 08:56:06 mpirun -np 3 ./bin/relay_race_dist 
  860  2025-07-09 08:56:06 mpirun -np 3 ./bin/relay_race_dist 50 20 50
  861  2025-07-09 08:56:06 mpirun -np 3 ./bin/relay_race_dist 1100 900
  862  2025-07-09 08:56:06 mpirun -np 10 ./bin/relay_race_dist 1100 900
  863  2025-07-09 08:56:06 mpirun -np 9 ./bin/relay_race_dist 1100 900
  864  2025-07-09 08:56:06 mpirun -np 11 ./bin/relay_race_dist 1100 900
  865  2025-07-09 08:56:06 make
  866  2025-07-09 08:56:06 ls
  867  2025-07-09 08:56:06 make clean
  868  2025-07-09 08:56:06 git pull
  869  2025-07-09 08:56:06 make
  870  2025-07-09 08:56:06 ./bin/Proyecto1 help
  871  2025-07-09 08:56:06 make
  872  2025-07-09 08:56:06 ./bin/Proyecto1 help
  873  2025-07-09 08:56:06 make
  874  2025-07-09 08:56:06 ./bin/Proyecto1 help
  875  2025-07-09 08:56:06 git pull
  876  2025-07-09 08:56:06 make clean
  877  2025-07-09 08:56:06 make
  878  2025-07-09 08:56:06 ./bin/Proyecto1 master 8080
  879  2025-07-09 08:56:06 make
  880  2025-07-09 08:56:06 ./bin/Proyecto1 master 8080
  881  2025-07-09 08:56:06 ./bin/Proyecto1 slave 9000 0.0.0.0 9001
  882  2025-07-09 08:56:06 ./bin/Proyecto1 slave 9001 0.0.0.0 9000
  883  2025-07-09 08:56:06 ./bin/Proyecto1 slave 9000 0.0.0.0 9001
  884  2025-07-09 08:56:06 ./bin/Proyecto1 slave 9001 0.0.0.0 9000
  885  2025-07-09 08:56:06 ./bin/Proyecto1 slave 9002 0.0.0.0 9000
  886  2025-07-09 08:56:06 ./bin/Proyecto1 slave 9001 0.0.0.0 9000
  887  2025-07-09 08:56:06 ./bin/Proyecto1 slave 9002 0.0.0.0 9000
  888  2025-07-09 08:56:06 ./bin/Proyecto1 slave 9001 0.0.0.0 9000
  889  2025-07-09 08:56:06 ip
  890  2025-07-09 08:56:06 ip adr
  891  2025-07-09 08:56:06 ip addr
  892  2025-07-09 08:56:06 cd ..
  893  2025-07-09 08:56:06 ls
  894  2025-07-09 08:56:06 cd ..
  895  2025-07-09 08:56:06 cd
  896  2025-07-09 08:56:06 ls
  897  2025-07-09 08:56:06 cd concurrente25a-yosery_zheng/
  898  2025-07-09 08:56:06 ls
  899  2025-07-09 08:56:06 clear
  900  2025-07-09 08:56:06 ls
  901  2025-07-09 08:56:06 cd examples/
  902  2025-07-09 08:56:06 ls
  903  2025-07-09 08:56:06 cd mpi
  904  2025-07-09 08:56:06 ls
  905  2025-07-09 08:56:06 cd ..
  906  2025-07-09 08:56:06 ls
  907  2025-07-09 08:56:06 cd ..
  908  2025-07-09 08:56:06 ls
  909  2025-07-09 08:56:06 cd examples/
  910  2025-07-09 08:56:06 ls
  911  2025-07-09 08:56:06 cd pthreads/
  912  2025-07-09 08:56:06 ls
  913  2025-07-09 08:56:06 cd readers_writers/
  914  2025-07-09 08:56:06 l
  915  2025-07-09 08:56:06 ls
  916  2025-07-09 08:56:06 make
  917  2025-07-09 08:56:06 ./bin/readers_writers 
  918  2025-07-09 08:56:06 make celan
  919  2025-07-09 08:56:06 make clean
  920  2025-07-09 08:56:06 git pull
  921  2025-07-09 08:56:06 git rebase
  922  2025-07-09 08:56:06 git push
  923  2025-07-09 08:56:06 ./bin/Proyecto1 master 8080
  924  2025-07-09 08:56:06 ./bin/Proyecto1 slave 9002 0.0.0.0 9000
  925  2025-07-09 08:56:06 ./bin/Proyecto1 slave 9001 0.0.0.0 9000
